<?xml version="1.0" encoding="UTF-8"?>
<!-- Generated by org.testng.reporters.JUnitReportReporter -->
<testsuite skipped="0" hostname="DESKTOP-HUG9B0A" name="tests.TestClass" tests="1" failures="0" timestamp="2018-09-19T18:31:59 PDT" time="7.582" errors="0">
  <testcase name="search" time="7.582" classname="tests.TestClass"/>
</testsuite> <!-- tests.TestClass -->
